La génération a démarré 13/12/2012 14:28:41.
     1>Projet "C:\Users\Maxime\Dropbox\SY27\utc-sy27-line-following-wifibot\rtmaps4wifibot_sdk\src\wifibot.u\rtmaps_wifibot_vc2008.vcxproj" sur le nœud 2 (build cible(s)).
     1>InitializeBuildStatus:
         Mise à jour de l'horodatage "Release\rtmaps_wifibot.unsuccessfulbuild".
       ClCompile:
         Toutes les sorties sont à jour.
         c:\Program Files\Microsoft Visual Studio 10.0\VC\bin\CL.exe /c /Isockets/include /I../../include /Ilocal_interfaces /Zi /nologo /W1 /WX- /O2 /Oy- /D _WINDLL /D _MBCS /Gm- /EHsc /MD /GS /fp:precise /Zc:wchar_t /Zc:forScope /Fo"Release\\" /Fd"Release\vc100.pdb" /Gd /TP /analyze- /errorReport:prompt src\maps_keyboard_4_wifibot.cpp src\maps_package_definition.cpp src\maps_wifibot_serial.cpp src\maps_wifibot_tcp_client.cpp src\maps_wifibot_tcp_server.cpp
         maps_keyboard_4_wifibot.cpp
         maps_package_definition.cpp
         maps_wifibot_serial.cpp
         maps_wifibot_tcp_client.cpp
         maps_wifibot_tcp_server.cpp
         Génération de code en cours...
       Link:
         c:\Program Files\Microsoft Visual Studio 10.0\VC\bin\link.exe /ERRORREPORT:PROMPT /OUT:"C:\Users\Maxime\Dropbox\SY27\utc-sy27-line-following-wifibot\rtmaps4wifibot_sdk\Release\rtmaps_wifibot.pck" /NOLOGO /LIBPATH:sockets/lib /LIBPATH:../../lib api_rtmaps_sockets.lib rtmaps_ring_buffers.lib rtmaps4wifibot_pck.lib kernel32.lib user32.lib gdi32.lib winspool.lib comdlg32.lib advapi32.lib shell32.lib ole32.lib oleaut32.lib uuid.lib odbc32.lib odbccp32.lib /MANIFEST /ManifestFile:"Release\rtmaps_wifibot.pck.intermediate.manifest" /MANIFESTUAC:"level='asInvoker' uiAccess='false'" /PDB:"C:\Users\Maxime\Dropbox\SY27\utc-sy27-line-following-wifibot\rtmaps4wifibot_sdk\Release\rtmaps_wifibot.pdb" /TLBID:1 /DYNAMICBASE:NO /IMPLIB:"C:\Users\Maxime\Dropbox\SY27\utc-sy27-line-following-wifibot\rtmaps4wifibot_sdk\Release\rtmaps_wifibot.lib" /MACHINE:X86 /DLL Release\maps_keyboard_4_wifibot.obj
         Release\maps_package_definition.obj
         Release\maps_wifibot_serial.obj
         Release\maps_wifibot_tcp_client.obj
         Release\maps_wifibot_tcp_server.obj
            Création de la bibliothèque C:\Users\Maxime\Dropbox\SY27\utc-sy27-line-following-wifibot\rtmaps4wifibot_sdk\Release\rtmaps_wifibot.lib et de l'objet C:\Users\Maxime\Dropbox\SY27\utc-sy27-line-following-wifibot\rtmaps4wifibot_sdk\Release\rtmaps_wifibot.exp
         rtmaps_wifibot_vc2008.vcxproj -> C:\Users\Maxime\Dropbox\SY27\utc-sy27-line-following-wifibot\rtmaps4wifibot_sdk\Release\rtmaps_wifibot.pck
       Manifest:
         C:\Program Files\Microsoft SDKs\Windows\v7.0A\bin\mt.exe /nologo /verbose /outputresource:"C:\Users\Maxime\Dropbox\SY27\utc-sy27-line-following-wifibot\rtmaps4wifibot_sdk\Release\rtmaps_wifibot.pck;#2" /manifest Release\rtmaps_wifibot.pck.intermediate.manifest
       FinalizeBuildStatus:
         Suppression du fichier "Release\rtmaps_wifibot.unsuccessfulbuild".
         Mise à jour de l'horodatage "Release\rtmaps_wifibot.lastbuildstate".
     1>Génération du projet "C:\Users\Maxime\Dropbox\SY27\utc-sy27-line-following-wifibot\rtmaps4wifibot_sdk\src\wifibot.u\rtmaps_wifibot_vc2008.vcxproj" terminée (build cible(s)).

La génération a réussi.

Temps écoulé 00:00:15.85
