La génération a démarré 09/12/2012 01:00:47.
     1>Projet "C:\Users\Maxime\Dropbox\SY27\Projet\Ressources\cd_wifibot_lab_V3\cdlabRS232_V3\robotic_framework\RTMAPS\rtmaps4wifibot_sdk\src\samples.u\rtmaps_samples_vc2008.vcxproj" sur le nœud 2 (build cible(s)).
     1>InitializeBuildStatus:
         Mise à jour de l'horodatage "Debug\rtmaps_samples.unsuccessfulbuild".
       ClCompile:
         c:\Program Files\Microsoft Visual Studio 10.0\VC\bin\CL.exe /c /I../../include /Ilocal_interfaces /Zi /nologo /W1 /WX- /O2 /Oy- /D WIN32 /D _WINDOWS /D _USRDLL /D rtmaps_samples_EXPORTS /D _CRT_SECURE_NO_DEPRECATE /D _WINDLL /D _MBCS /Gm- /EHsc /MD /GS /fp:precise /Zc:wchar_t /Zc:forScope /Fo"Debug\\" /Fd"Debug\vc100.pdb" /Gd /TP /analyze- /errorReport:prompt src\maps_multiplier_1.cpp src\maps_multiplier_2.cpp src\maps_multiplier_3.cpp src\maps_multiplier_4.cpp src\maps_vectorizer_sample_0_ERROR_TO_BANISH.cpp src\maps_vectorizer_sample_1_triggered.cpp src\maps_vectorizer_sample_2_reactive.cpp src\maps_vectorizer_sample_3_resampling.cpp src\maps_vectorizer_sample_4_resynchronizer.cpp src\maps_vectorizer_sample_5_generic.cpp src\maps_FusionSampleWithMultipleStartReading.cpp src\maps_FusionSampleWithSamplingReaders.cpp src\maps_ImageGenerator.cpp src\maps_ImageHeaderDisplay.cpp src\maps_MonoVisionIPUSample.cpp src\maps_simple_imageprocessing.cpp src\maps_StereoVisionIPUSample.cpp src\maps_ImageProcessing1Src1DestSample.cpp src\maps_ImageProcessing2Src1DestSample.cpp src\maps_ROIThreshold.cpp src\maps_Threshold.cpp src\maps_CANReader.cpp src\maps_CANWriter.cpp src\maps_ComponentWithActions.cpp src\maps_counter.cpp src\maps_DynamicInputs.cpp src\maps_enum_props.cpp src\maps_SetProperty_Overload.cpp src\maps_UserStructureInput.cpp src\maps_UserStructureOutput.cpp src\maps_MultiThread.cpp src\maps_MultiThreadAndSynchronisation.cpp src\maps_rs232sensor.cpp src\maps_rs232sensorWithOutput.cpp src\maps_Stream8IOSample.cpp src\maps_customclock.cpp src\maps_synchronizer.cpp
         maps_multiplier_1.cpp
         maps_multiplier_2.cpp
         maps_multiplier_3.cpp
         maps_multiplier_4.cpp
         maps_vectorizer_sample_0_ERROR_TO_BANISH.cpp
         maps_vectorizer_sample_1_triggered.cpp
         maps_vectorizer_sample_2_reactive.cpp
         maps_vectorizer_sample_3_resampling.cpp
         maps_vectorizer_sample_4_resynchronizer.cpp
         maps_vectorizer_sample_5_generic.cpp
         maps_FusionSampleWithMultipleStartReading.cpp
         maps_FusionSampleWithSamplingReaders.cpp
         maps_ImageGenerator.cpp
         maps_ImageHeaderDisplay.cpp
         maps_MonoVisionIPUSample.cpp
         maps_simple_imageprocessing.cpp
         maps_StereoVisionIPUSample.cpp
         maps_ImageProcessing1Src1DestSample.cpp
         maps_ImageProcessing2Src1DestSample.cpp
         maps_ROIThreshold.cpp
         Génération de code en cours...
         Compilation en cours...
         maps_Threshold.cpp
         maps_CANReader.cpp
         maps_CANWriter.cpp
         maps_ComponentWithActions.cpp
         maps_counter.cpp
         maps_DynamicInputs.cpp
         maps_enum_props.cpp
         maps_SetProperty_Overload.cpp
         maps_UserStructureInput.cpp
         maps_UserStructureOutput.cpp
         maps_MultiThread.cpp
         maps_MultiThreadAndSynchronisation.cpp
         maps_rs232sensor.cpp
         maps_rs232sensorWithOutput.cpp
         maps_Stream8IOSample.cpp
         maps_customclock.cpp
         maps_synchronizer.cpp
         Génération de code en cours...
       Link:
         c:\Program Files\Microsoft Visual Studio 10.0\VC\bin\link.exe /ERRORREPORT:PROMPT /OUT:"C:\Users\Maxime\Dropbox\SY27\Projet\Ressources\cd_wifibot_lab_V3\cdlabRS232_V3\robotic_framework\RTMAPS\rtmaps4wifibot_sdk\Debug\rtmaps_samples.dll" /NOLOGO /LIBPATH:../../lib rtmaps_ring_buffers.lib rtmaps_ring_buffers.lib rtmaps4wifibot_pck.lib kernel32.lib user32.lib gdi32.lib winspool.lib comdlg32.lib advapi32.lib shell32.lib ole32.lib oleaut32.lib uuid.lib odbc32.lib odbccp32.lib /MANIFEST /ManifestFile:"Debug\rtmaps_samples.dll.intermediate.manifest" /MANIFESTUAC:"level='asInvoker' uiAccess='false'" /PDB:"C:\Users\Maxime\Dropbox\SY27\Projet\Ressources\cd_wifibot_lab_V3\cdlabRS232_V3\robotic_framework\RTMAPS\rtmaps4wifibot_sdk\Debug\rtmaps_samples.pdb" /TLBID:1 /DYNAMICBASE:NO /IMPLIB:"C:\Users\Maxime\Dropbox\SY27\Projet\Ressources\cd_wifibot_lab_V3\cdlabRS232_V3\robotic_framework\RTMAPS\rtmaps4wifibot_sdk\Debug\rtmaps_samples.lib" /MACHINE:X86 /DLL Debug\maps_multiplier_1.obj
         Debug\maps_multiplier_2.obj
         Debug\maps_multiplier_3.obj
         Debug\maps_multiplier_4.obj
         Debug\maps_vectorizer_sample_0_ERROR_TO_BANISH.obj
         Debug\maps_vectorizer_sample_1_triggered.obj
         Debug\maps_vectorizer_sample_2_reactive.obj
         Debug\maps_vectorizer_sample_3_resampling.obj
         Debug\maps_vectorizer_sample_4_resynchronizer.obj
         Debug\maps_vectorizer_sample_5_generic.obj
         Debug\maps_FusionSampleWithMultipleStartReading.obj
         Debug\maps_FusionSampleWithSamplingReaders.obj
         Debug\maps_ImageGenerator.obj
         Debug\maps_ImageHeaderDisplay.obj
         Debug\maps_MonoVisionIPUSample.obj
         Debug\maps_simple_imageprocessing.obj
         Debug\maps_StereoVisionIPUSample.obj
         Debug\maps_ImageProcessing1Src1DestSample.obj
         Debug\maps_ImageProcessing2Src1DestSample.obj
         Debug\maps_ROIThreshold.obj
         Debug\maps_Threshold.obj
         Debug\maps_CANReader.obj
         Debug\maps_CANWriter.obj
         Debug\maps_ComponentWithActions.obj
         Debug\maps_counter.obj
         Debug\maps_DynamicInputs.obj
         Debug\maps_enum_props.obj
         Debug\maps_SetProperty_Overload.obj
         Debug\maps_UserStructureInput.obj
         Debug\maps_UserStructureOutput.obj
         Debug\maps_MultiThread.obj
         Debug\maps_MultiThreadAndSynchronisation.obj
         Debug\maps_rs232sensor.obj
         Debug\maps_rs232sensorWithOutput.obj
         Debug\maps_Stream8IOSample.obj
         Debug\maps_customclock.obj
         Debug\maps_synchronizer.obj
            Création de la bibliothèque C:\Users\Maxime\Dropbox\SY27\Projet\Ressources\cd_wifibot_lab_V3\cdlabRS232_V3\robotic_framework\RTMAPS\rtmaps4wifibot_sdk\Debug\rtmaps_samples.lib et de l'objet C:\Users\Maxime\Dropbox\SY27\Projet\Ressources\cd_wifibot_lab_V3\cdlabRS232_V3\robotic_framework\RTMAPS\rtmaps4wifibot_sdk\Debug\rtmaps_samples.exp
         rtmaps_samples_vc2008.vcxproj -> C:\Users\Maxime\Dropbox\SY27\Projet\Ressources\cd_wifibot_lab_V3\cdlabRS232_V3\robotic_framework\RTMAPS\rtmaps4wifibot_sdk\Debug\rtmaps_samples.dll
       Manifest:
         C:\Program Files\Microsoft SDKs\Windows\v7.0A\bin\mt.exe /nologo /verbose /outputresource:"C:\Users\Maxime\Dropbox\SY27\Projet\Ressources\cd_wifibot_lab_V3\cdlabRS232_V3\robotic_framework\RTMAPS\rtmaps4wifibot_sdk\Debug\rtmaps_samples.dll;#2" /manifest Debug\rtmaps_samples.dll.intermediate.manifest
       FinalizeBuildStatus:
         Suppression du fichier "Debug\rtmaps_samples.unsuccessfulbuild".
         Mise à jour de l'horodatage "Debug\rtmaps_samples.lastbuildstate".
     1>Génération du projet "C:\Users\Maxime\Dropbox\SY27\Projet\Ressources\cd_wifibot_lab_V3\cdlabRS232_V3\robotic_framework\RTMAPS\rtmaps4wifibot_sdk\src\samples.u\rtmaps_samples_vc2008.vcxproj" terminée (build cible(s)).

La génération a réussi.

Temps écoulé 00:01:13.91
