C:\USERS\MAXIME\DROPBOX\SY27\PROJET\RESSOURCES\CD_WIFIBOT_LAB_V3\CDLABRS232_V3\ROBOTIC_FRAMEWORK\RTMAPS\RTMAPS4WIFIBOT_SDK\RELEASE\SY27.DLL
C:\Users\Maxime\Dropbox\SY27\Projet\Ressources\cd_wifibot_lab_V3\cdlabRS232_V3\robotic_framework\RTMAPS\rtmaps4wifibot_sdk\Release\SY27.exp
C:\Users\Maxime\Dropbox\SY27\Projet\Ressources\cd_wifibot_lab_V3\cdlabRS232_V3\robotic_framework\RTMAPS\rtmaps4wifibot_sdk\Release\SY27.lib
C:\USERS\MAXIME\DROPBOX\SY27\PROJET\RESSOURCES\CD_WIFIBOT_LAB_V3\CDLABRS232_V3\ROBOTIC_FRAMEWORK\RTMAPS\RTMAPS4WIFIBOT_SDK\RELEASE\SY27.PCK
C:\USERS\MAXIME\DROPBOX\SY27\PROJET\RESSOURCES\CD_WIFIBOT_LAB_V3\CDLABRS232_V3\ROBOTIC_FRAMEWORK\RTMAPS\RTMAPS4WIFIBOT_SDK\SRC\SY27.U\RELEASE\MAPS_PACKAGE_DEFINITION.OBJ
C:\USERS\MAXIME\DROPBOX\SY27\PROJET\RESSOURCES\CD_WIFIBOT_LAB_V3\CDLABRS232_V3\ROBOTIC_FRAMEWORK\RTMAPS\RTMAPS4WIFIBOT_SDK\SRC\SY27.U\RELEASE\MAPS_VISIONBASEDCOMMAND.OBJ
C:\USERS\MAXIME\DROPBOX\SY27\PROJET\RESSOURCES\CD_WIFIBOT_LAB_V3\CDLABRS232_V3\ROBOTIC_FRAMEWORK\RTMAPS\RTMAPS4WIFIBOT_SDK\SRC\SY27.U\RELEASE\SY27.PCK.INTERMEDIATE.MANIFEST
C:\USERS\MAXIME\DROPBOX\SY27\PROJET\RESSOURCES\CD_WIFIBOT_LAB_V3\CDLABRS232_V3\ROBOTIC_FRAMEWORK\RTMAPS\RTMAPS4WIFIBOT_SDK\SRC\SY27.U\RELEASE\VC100.PDB
C:\Users\Maxime\Dropbox\SY27\utc-sy27-line-following-wifibot\rtmaps4wifibot_sdk\Release\SY27.exp
C:\Users\Maxime\Dropbox\SY27\utc-sy27-line-following-wifibot\rtmaps4wifibot_sdk\Release\SY27.lib
C:\USERS\MAXIME\DROPBOX\SY27\UTC-SY27-LINE-FOLLOWING-WIFIBOT\RTMAPS4WIFIBOT_SDK\RELEASE\SY27.PCK
C:\Users\Maxime\Dropbox\SY27\utc-sy27-line-following-wifibot\rtmaps4wifibot_sdk\src\SY27.u\Release\cl.command.1.tlog
C:\Users\Maxime\Dropbox\SY27\utc-sy27-line-following-wifibot\rtmaps4wifibot_sdk\src\SY27.u\Release\CL.read.1.tlog
C:\Users\Maxime\Dropbox\SY27\utc-sy27-line-following-wifibot\rtmaps4wifibot_sdk\src\SY27.u\Release\CL.write.1.tlog
C:\Users\Maxime\Dropbox\SY27\utc-sy27-line-following-wifibot\rtmaps4wifibot_sdk\src\SY27.u\Release\link.command.1.tlog
C:\Users\Maxime\Dropbox\SY27\utc-sy27-line-following-wifibot\rtmaps4wifibot_sdk\src\SY27.u\Release\link.read.1.tlog
C:\Users\Maxime\Dropbox\SY27\utc-sy27-line-following-wifibot\rtmaps4wifibot_sdk\src\SY27.u\Release\link.write.1.tlog
C:\USERS\MAXIME\DROPBOX\SY27\UTC-SY27-LINE-FOLLOWING-WIFIBOT\RTMAPS4WIFIBOT_SDK\SRC\SY27.U\RELEASE\MAPS_LINEFINDING.OBJ
C:\USERS\MAXIME\DROPBOX\SY27\UTC-SY27-LINE-FOLLOWING-WIFIBOT\RTMAPS4WIFIBOT_SDK\SRC\SY27.U\RELEASE\MAPS_PACKAGE_DEFINITION.OBJ
C:\USERS\MAXIME\DROPBOX\SY27\UTC-SY27-LINE-FOLLOWING-WIFIBOT\RTMAPS4WIFIBOT_SDK\SRC\SY27.U\RELEASE\MAPS_VISIONBASEDCOMMAND.OBJ
C:\Users\Maxime\Dropbox\SY27\utc-sy27-line-following-wifibot\rtmaps4wifibot_sdk\src\SY27.u\Release\mt.command.1.tlog
C:\Users\Maxime\Dropbox\SY27\utc-sy27-line-following-wifibot\rtmaps4wifibot_sdk\src\SY27.u\Release\mt.read.1.tlog
C:\Users\Maxime\Dropbox\SY27\utc-sy27-line-following-wifibot\rtmaps4wifibot_sdk\src\SY27.u\Release\mt.write.1.tlog
C:\Users\Maxime\Dropbox\SY27\utc-sy27-line-following-wifibot\rtmaps4wifibot_sdk\src\SY27.u\Release\SY27.dll.intermediate.manifest
C:\USERS\MAXIME\DROPBOX\SY27\UTC-SY27-LINE-FOLLOWING-WIFIBOT\RTMAPS4WIFIBOT_SDK\SRC\SY27.U\RELEASE\SY27.PCK.INTERMEDIATE.MANIFEST
C:\Users\Maxime\Dropbox\SY27\utc-sy27-line-following-wifibot\rtmaps4wifibot_sdk\src\SY27.u\Release\SY27.write.1.tlog
C:\USERS\MAXIME\DROPBOX\SY27\UTC-SY27-LINE-FOLLOWING-WIFIBOT\RTMAPS4WIFIBOT_SDK\SRC\SY27.U\RELEASE\VC100.PDB
