C:\USERS\MAXIME\DROPBOX\SY27\PROJET\RESSOURCES\CD_WIFIBOT_LAB_V3\CDLABRS232_V3\ROBOTIC_FRAMEWORK\RTMAPS\RTMAPS4WIFIBOT_SDK\RELEASE\RTMAPS_SAMPLES.DLL
C:\Users\Maxime\Dropbox\SY27\Projet\Ressources\cd_wifibot_lab_V3\cdlabRS232_V3\robotic_framework\RTMAPS\rtmaps4wifibot_sdk\Release\rtmaps_samples.exp
C:\Users\Maxime\Dropbox\SY27\Projet\Ressources\cd_wifibot_lab_V3\cdlabRS232_V3\robotic_framework\RTMAPS\rtmaps4wifibot_sdk\Release\rtmaps_samples.lib
C:\USERS\MAXIME\DROPBOX\SY27\PROJET\RESSOURCES\CD_WIFIBOT_LAB_V3\CDLABRS232_V3\ROBOTIC_FRAMEWORK\RTMAPS\RTMAPS4WIFIBOT_SDK\SRC\SAMPLES.U\RELEASE\MAPS_CANREADER.OBJ
C:\USERS\MAXIME\DROPBOX\SY27\PROJET\RESSOURCES\CD_WIFIBOT_LAB_V3\CDLABRS232_V3\ROBOTIC_FRAMEWORK\RTMAPS\RTMAPS4WIFIBOT_SDK\SRC\SAMPLES.U\RELEASE\MAPS_CANWRITER.OBJ
C:\USERS\MAXIME\DROPBOX\SY27\PROJET\RESSOURCES\CD_WIFIBOT_LAB_V3\CDLABRS232_V3\ROBOTIC_FRAMEWORK\RTMAPS\RTMAPS4WIFIBOT_SDK\SRC\SAMPLES.U\RELEASE\MAPS_COMPONENTWITHACTIONS.OBJ
C:\USERS\MAXIME\DROPBOX\SY27\PROJET\RESSOURCES\CD_WIFIBOT_LAB_V3\CDLABRS232_V3\ROBOTIC_FRAMEWORK\RTMAPS\RTMAPS4WIFIBOT_SDK\SRC\SAMPLES.U\RELEASE\MAPS_COUNTER.OBJ
C:\USERS\MAXIME\DROPBOX\SY27\PROJET\RESSOURCES\CD_WIFIBOT_LAB_V3\CDLABRS232_V3\ROBOTIC_FRAMEWORK\RTMAPS\RTMAPS4WIFIBOT_SDK\SRC\SAMPLES.U\RELEASE\MAPS_CUSTOMCLOCK.OBJ
C:\USERS\MAXIME\DROPBOX\SY27\PROJET\RESSOURCES\CD_WIFIBOT_LAB_V3\CDLABRS232_V3\ROBOTIC_FRAMEWORK\RTMAPS\RTMAPS4WIFIBOT_SDK\SRC\SAMPLES.U\RELEASE\MAPS_DYNAMICINPUTS.OBJ
C:\USERS\MAXIME\DROPBOX\SY27\PROJET\RESSOURCES\CD_WIFIBOT_LAB_V3\CDLABRS232_V3\ROBOTIC_FRAMEWORK\RTMAPS\RTMAPS4WIFIBOT_SDK\SRC\SAMPLES.U\RELEASE\MAPS_ENUM_PROPS.OBJ
C:\USERS\MAXIME\DROPBOX\SY27\PROJET\RESSOURCES\CD_WIFIBOT_LAB_V3\CDLABRS232_V3\ROBOTIC_FRAMEWORK\RTMAPS\RTMAPS4WIFIBOT_SDK\SRC\SAMPLES.U\RELEASE\MAPS_FUSIONSAMPLEWITHMULTIPLESTARTREADING.OBJ
C:\USERS\MAXIME\DROPBOX\SY27\PROJET\RESSOURCES\CD_WIFIBOT_LAB_V3\CDLABRS232_V3\ROBOTIC_FRAMEWORK\RTMAPS\RTMAPS4WIFIBOT_SDK\SRC\SAMPLES.U\RELEASE\MAPS_FUSIONSAMPLEWITHSAMPLINGREADERS.OBJ
C:\USERS\MAXIME\DROPBOX\SY27\PROJET\RESSOURCES\CD_WIFIBOT_LAB_V3\CDLABRS232_V3\ROBOTIC_FRAMEWORK\RTMAPS\RTMAPS4WIFIBOT_SDK\SRC\SAMPLES.U\RELEASE\MAPS_IMAGEGENERATOR.OBJ
C:\USERS\MAXIME\DROPBOX\SY27\PROJET\RESSOURCES\CD_WIFIBOT_LAB_V3\CDLABRS232_V3\ROBOTIC_FRAMEWORK\RTMAPS\RTMAPS4WIFIBOT_SDK\SRC\SAMPLES.U\RELEASE\MAPS_IMAGEHEADERDISPLAY.OBJ
C:\USERS\MAXIME\DROPBOX\SY27\PROJET\RESSOURCES\CD_WIFIBOT_LAB_V3\CDLABRS232_V3\ROBOTIC_FRAMEWORK\RTMAPS\RTMAPS4WIFIBOT_SDK\SRC\SAMPLES.U\RELEASE\MAPS_IMAGEPROCESSING1SRC1DESTSAMPLE.OBJ
C:\USERS\MAXIME\DROPBOX\SY27\PROJET\RESSOURCES\CD_WIFIBOT_LAB_V3\CDLABRS232_V3\ROBOTIC_FRAMEWORK\RTMAPS\RTMAPS4WIFIBOT_SDK\SRC\SAMPLES.U\RELEASE\MAPS_IMAGEPROCESSING2SRC1DESTSAMPLE.OBJ
C:\USERS\MAXIME\DROPBOX\SY27\PROJET\RESSOURCES\CD_WIFIBOT_LAB_V3\CDLABRS232_V3\ROBOTIC_FRAMEWORK\RTMAPS\RTMAPS4WIFIBOT_SDK\SRC\SAMPLES.U\RELEASE\MAPS_MONOVISIONIPUSAMPLE.OBJ
C:\USERS\MAXIME\DROPBOX\SY27\PROJET\RESSOURCES\CD_WIFIBOT_LAB_V3\CDLABRS232_V3\ROBOTIC_FRAMEWORK\RTMAPS\RTMAPS4WIFIBOT_SDK\SRC\SAMPLES.U\RELEASE\MAPS_MULTIPLIER_1.OBJ
C:\USERS\MAXIME\DROPBOX\SY27\PROJET\RESSOURCES\CD_WIFIBOT_LAB_V3\CDLABRS232_V3\ROBOTIC_FRAMEWORK\RTMAPS\RTMAPS4WIFIBOT_SDK\SRC\SAMPLES.U\RELEASE\MAPS_MULTIPLIER_2.OBJ
C:\USERS\MAXIME\DROPBOX\SY27\PROJET\RESSOURCES\CD_WIFIBOT_LAB_V3\CDLABRS232_V3\ROBOTIC_FRAMEWORK\RTMAPS\RTMAPS4WIFIBOT_SDK\SRC\SAMPLES.U\RELEASE\MAPS_MULTIPLIER_3.OBJ
C:\USERS\MAXIME\DROPBOX\SY27\PROJET\RESSOURCES\CD_WIFIBOT_LAB_V3\CDLABRS232_V3\ROBOTIC_FRAMEWORK\RTMAPS\RTMAPS4WIFIBOT_SDK\SRC\SAMPLES.U\RELEASE\MAPS_MULTIPLIER_4.OBJ
C:\USERS\MAXIME\DROPBOX\SY27\PROJET\RESSOURCES\CD_WIFIBOT_LAB_V3\CDLABRS232_V3\ROBOTIC_FRAMEWORK\RTMAPS\RTMAPS4WIFIBOT_SDK\SRC\SAMPLES.U\RELEASE\MAPS_MULTITHREAD.OBJ
C:\USERS\MAXIME\DROPBOX\SY27\PROJET\RESSOURCES\CD_WIFIBOT_LAB_V3\CDLABRS232_V3\ROBOTIC_FRAMEWORK\RTMAPS\RTMAPS4WIFIBOT_SDK\SRC\SAMPLES.U\RELEASE\MAPS_MULTITHREADANDSYNCHRONISATION.OBJ
C:\USERS\MAXIME\DROPBOX\SY27\PROJET\RESSOURCES\CD_WIFIBOT_LAB_V3\CDLABRS232_V3\ROBOTIC_FRAMEWORK\RTMAPS\RTMAPS4WIFIBOT_SDK\SRC\SAMPLES.U\RELEASE\MAPS_ROITHRESHOLD.OBJ
C:\USERS\MAXIME\DROPBOX\SY27\PROJET\RESSOURCES\CD_WIFIBOT_LAB_V3\CDLABRS232_V3\ROBOTIC_FRAMEWORK\RTMAPS\RTMAPS4WIFIBOT_SDK\SRC\SAMPLES.U\RELEASE\MAPS_RS232SENSOR.OBJ
C:\USERS\MAXIME\DROPBOX\SY27\PROJET\RESSOURCES\CD_WIFIBOT_LAB_V3\CDLABRS232_V3\ROBOTIC_FRAMEWORK\RTMAPS\RTMAPS4WIFIBOT_SDK\SRC\SAMPLES.U\RELEASE\MAPS_RS232SENSORWITHOUTPUT.OBJ
C:\USERS\MAXIME\DROPBOX\SY27\PROJET\RESSOURCES\CD_WIFIBOT_LAB_V3\CDLABRS232_V3\ROBOTIC_FRAMEWORK\RTMAPS\RTMAPS4WIFIBOT_SDK\SRC\SAMPLES.U\RELEASE\MAPS_SETPROPERTY_OVERLOAD.OBJ
C:\USERS\MAXIME\DROPBOX\SY27\PROJET\RESSOURCES\CD_WIFIBOT_LAB_V3\CDLABRS232_V3\ROBOTIC_FRAMEWORK\RTMAPS\RTMAPS4WIFIBOT_SDK\SRC\SAMPLES.U\RELEASE\MAPS_SIMPLE_IMAGEPROCESSING.OBJ
C:\USERS\MAXIME\DROPBOX\SY27\PROJET\RESSOURCES\CD_WIFIBOT_LAB_V3\CDLABRS232_V3\ROBOTIC_FRAMEWORK\RTMAPS\RTMAPS4WIFIBOT_SDK\SRC\SAMPLES.U\RELEASE\MAPS_STEREOVISIONIPUSAMPLE.OBJ
C:\USERS\MAXIME\DROPBOX\SY27\PROJET\RESSOURCES\CD_WIFIBOT_LAB_V3\CDLABRS232_V3\ROBOTIC_FRAMEWORK\RTMAPS\RTMAPS4WIFIBOT_SDK\SRC\SAMPLES.U\RELEASE\MAPS_STREAM8IOSAMPLE.OBJ
C:\USERS\MAXIME\DROPBOX\SY27\PROJET\RESSOURCES\CD_WIFIBOT_LAB_V3\CDLABRS232_V3\ROBOTIC_FRAMEWORK\RTMAPS\RTMAPS4WIFIBOT_SDK\SRC\SAMPLES.U\RELEASE\MAPS_SYNCHRONIZER.OBJ
C:\USERS\MAXIME\DROPBOX\SY27\PROJET\RESSOURCES\CD_WIFIBOT_LAB_V3\CDLABRS232_V3\ROBOTIC_FRAMEWORK\RTMAPS\RTMAPS4WIFIBOT_SDK\SRC\SAMPLES.U\RELEASE\MAPS_THRESHOLD.OBJ
C:\USERS\MAXIME\DROPBOX\SY27\PROJET\RESSOURCES\CD_WIFIBOT_LAB_V3\CDLABRS232_V3\ROBOTIC_FRAMEWORK\RTMAPS\RTMAPS4WIFIBOT_SDK\SRC\SAMPLES.U\RELEASE\MAPS_USERSTRUCTUREINPUT.OBJ
C:\USERS\MAXIME\DROPBOX\SY27\PROJET\RESSOURCES\CD_WIFIBOT_LAB_V3\CDLABRS232_V3\ROBOTIC_FRAMEWORK\RTMAPS\RTMAPS4WIFIBOT_SDK\SRC\SAMPLES.U\RELEASE\MAPS_USERSTRUCTUREOUTPUT.OBJ
C:\USERS\MAXIME\DROPBOX\SY27\PROJET\RESSOURCES\CD_WIFIBOT_LAB_V3\CDLABRS232_V3\ROBOTIC_FRAMEWORK\RTMAPS\RTMAPS4WIFIBOT_SDK\SRC\SAMPLES.U\RELEASE\MAPS_VECTORIZER_SAMPLE_0_ERROR_TO_BANISH.OBJ
C:\USERS\MAXIME\DROPBOX\SY27\PROJET\RESSOURCES\CD_WIFIBOT_LAB_V3\CDLABRS232_V3\ROBOTIC_FRAMEWORK\RTMAPS\RTMAPS4WIFIBOT_SDK\SRC\SAMPLES.U\RELEASE\MAPS_VECTORIZER_SAMPLE_1_TRIGGERED.OBJ
C:\USERS\MAXIME\DROPBOX\SY27\PROJET\RESSOURCES\CD_WIFIBOT_LAB_V3\CDLABRS232_V3\ROBOTIC_FRAMEWORK\RTMAPS\RTMAPS4WIFIBOT_SDK\SRC\SAMPLES.U\RELEASE\MAPS_VECTORIZER_SAMPLE_2_REACTIVE.OBJ
C:\USERS\MAXIME\DROPBOX\SY27\PROJET\RESSOURCES\CD_WIFIBOT_LAB_V3\CDLABRS232_V3\ROBOTIC_FRAMEWORK\RTMAPS\RTMAPS4WIFIBOT_SDK\SRC\SAMPLES.U\RELEASE\MAPS_VECTORIZER_SAMPLE_3_RESAMPLING.OBJ
C:\USERS\MAXIME\DROPBOX\SY27\PROJET\RESSOURCES\CD_WIFIBOT_LAB_V3\CDLABRS232_V3\ROBOTIC_FRAMEWORK\RTMAPS\RTMAPS4WIFIBOT_SDK\SRC\SAMPLES.U\RELEASE\MAPS_VECTORIZER_SAMPLE_4_RESYNCHRONIZER.OBJ
C:\USERS\MAXIME\DROPBOX\SY27\PROJET\RESSOURCES\CD_WIFIBOT_LAB_V3\CDLABRS232_V3\ROBOTIC_FRAMEWORK\RTMAPS\RTMAPS4WIFIBOT_SDK\SRC\SAMPLES.U\RELEASE\MAPS_VECTORIZER_SAMPLE_5_GENERIC.OBJ
C:\USERS\MAXIME\DROPBOX\SY27\PROJET\RESSOURCES\CD_WIFIBOT_LAB_V3\CDLABRS232_V3\ROBOTIC_FRAMEWORK\RTMAPS\RTMAPS4WIFIBOT_SDK\SRC\SAMPLES.U\RELEASE\RTMAPS_SAMPLES.DLL.INTERMEDIATE.MANIFEST
C:\USERS\MAXIME\DROPBOX\SY27\PROJET\RESSOURCES\CD_WIFIBOT_LAB_V3\CDLABRS232_V3\ROBOTIC_FRAMEWORK\RTMAPS\RTMAPS4WIFIBOT_SDK\SRC\SAMPLES.U\RELEASE\VC100.PDB
C:\Users\Maxime\Dropbox\SY27\utc-sy27-line-following-wifibot\rtmaps4wifibot_sdk\Release\rtmaps_samples.exp
C:\Users\Maxime\Dropbox\SY27\utc-sy27-line-following-wifibot\rtmaps4wifibot_sdk\Release\rtmaps_samples.lib
C:\USERS\MAXIME\DROPBOX\SY27\UTC-SY27-LINE-FOLLOWING-WIFIBOT\RTMAPS4WIFIBOT_SDK\RELEASE\RTMAPS_SAMPLES.PCK
C:\Users\Maxime\Dropbox\SY27\utc-sy27-line-following-wifibot\rtmaps4wifibot_sdk\src\samples.u\Release\cl.command.1.tlog
C:\Users\Maxime\Dropbox\SY27\utc-sy27-line-following-wifibot\rtmaps4wifibot_sdk\src\samples.u\Release\CL.read.1.tlog
C:\Users\Maxime\Dropbox\SY27\utc-sy27-line-following-wifibot\rtmaps4wifibot_sdk\src\samples.u\Release\CL.write.1.tlog
C:\Users\Maxime\Dropbox\SY27\utc-sy27-line-following-wifibot\rtmaps4wifibot_sdk\src\samples.u\Release\link.command.1.tlog
C:\Users\Maxime\Dropbox\SY27\utc-sy27-line-following-wifibot\rtmaps4wifibot_sdk\src\samples.u\Release\link.read.1.tlog
C:\Users\Maxime\Dropbox\SY27\utc-sy27-line-following-wifibot\rtmaps4wifibot_sdk\src\samples.u\Release\link.write.1.tlog
C:\USERS\MAXIME\DROPBOX\SY27\UTC-SY27-LINE-FOLLOWING-WIFIBOT\RTMAPS4WIFIBOT_SDK\SRC\SAMPLES.U\RELEASE\MAPS_CANREADER.OBJ
C:\USERS\MAXIME\DROPBOX\SY27\UTC-SY27-LINE-FOLLOWING-WIFIBOT\RTMAPS4WIFIBOT_SDK\SRC\SAMPLES.U\RELEASE\MAPS_CANWRITER.OBJ
C:\USERS\MAXIME\DROPBOX\SY27\UTC-SY27-LINE-FOLLOWING-WIFIBOT\RTMAPS4WIFIBOT_SDK\SRC\SAMPLES.U\RELEASE\MAPS_COMPONENTWITHACTIONS.OBJ
C:\USERS\MAXIME\DROPBOX\SY27\UTC-SY27-LINE-FOLLOWING-WIFIBOT\RTMAPS4WIFIBOT_SDK\SRC\SAMPLES.U\RELEASE\MAPS_COUNTER.OBJ
C:\USERS\MAXIME\DROPBOX\SY27\UTC-SY27-LINE-FOLLOWING-WIFIBOT\RTMAPS4WIFIBOT_SDK\SRC\SAMPLES.U\RELEASE\MAPS_CUSTOMCLOCK.OBJ
C:\USERS\MAXIME\DROPBOX\SY27\UTC-SY27-LINE-FOLLOWING-WIFIBOT\RTMAPS4WIFIBOT_SDK\SRC\SAMPLES.U\RELEASE\MAPS_DYNAMICINPUTS.OBJ
C:\USERS\MAXIME\DROPBOX\SY27\UTC-SY27-LINE-FOLLOWING-WIFIBOT\RTMAPS4WIFIBOT_SDK\SRC\SAMPLES.U\RELEASE\MAPS_ENUM_PROPS.OBJ
C:\USERS\MAXIME\DROPBOX\SY27\UTC-SY27-LINE-FOLLOWING-WIFIBOT\RTMAPS4WIFIBOT_SDK\SRC\SAMPLES.U\RELEASE\MAPS_FUSIONSAMPLEWITHMULTIPLESTARTREADING.OBJ
C:\USERS\MAXIME\DROPBOX\SY27\UTC-SY27-LINE-FOLLOWING-WIFIBOT\RTMAPS4WIFIBOT_SDK\SRC\SAMPLES.U\RELEASE\MAPS_FUSIONSAMPLEWITHSAMPLINGREADERS.OBJ
C:\USERS\MAXIME\DROPBOX\SY27\UTC-SY27-LINE-FOLLOWING-WIFIBOT\RTMAPS4WIFIBOT_SDK\SRC\SAMPLES.U\RELEASE\MAPS_IMAGEGENERATOR.OBJ
C:\USERS\MAXIME\DROPBOX\SY27\UTC-SY27-LINE-FOLLOWING-WIFIBOT\RTMAPS4WIFIBOT_SDK\SRC\SAMPLES.U\RELEASE\MAPS_IMAGEHEADERDISPLAY.OBJ
C:\USERS\MAXIME\DROPBOX\SY27\UTC-SY27-LINE-FOLLOWING-WIFIBOT\RTMAPS4WIFIBOT_SDK\SRC\SAMPLES.U\RELEASE\MAPS_IMAGEPROCESSING1SRC1DESTSAMPLE.OBJ
C:\USERS\MAXIME\DROPBOX\SY27\UTC-SY27-LINE-FOLLOWING-WIFIBOT\RTMAPS4WIFIBOT_SDK\SRC\SAMPLES.U\RELEASE\MAPS_IMAGEPROCESSING2SRC1DESTSAMPLE.OBJ
C:\USERS\MAXIME\DROPBOX\SY27\UTC-SY27-LINE-FOLLOWING-WIFIBOT\RTMAPS4WIFIBOT_SDK\SRC\SAMPLES.U\RELEASE\MAPS_MONOVISIONIPUSAMPLE.OBJ
C:\USERS\MAXIME\DROPBOX\SY27\UTC-SY27-LINE-FOLLOWING-WIFIBOT\RTMAPS4WIFIBOT_SDK\SRC\SAMPLES.U\RELEASE\MAPS_MULTIPLIER_1.OBJ
C:\USERS\MAXIME\DROPBOX\SY27\UTC-SY27-LINE-FOLLOWING-WIFIBOT\RTMAPS4WIFIBOT_SDK\SRC\SAMPLES.U\RELEASE\MAPS_MULTIPLIER_2.OBJ
C:\USERS\MAXIME\DROPBOX\SY27\UTC-SY27-LINE-FOLLOWING-WIFIBOT\RTMAPS4WIFIBOT_SDK\SRC\SAMPLES.U\RELEASE\MAPS_MULTIPLIER_3.OBJ
C:\USERS\MAXIME\DROPBOX\SY27\UTC-SY27-LINE-FOLLOWING-WIFIBOT\RTMAPS4WIFIBOT_SDK\SRC\SAMPLES.U\RELEASE\MAPS_MULTIPLIER_4.OBJ
C:\USERS\MAXIME\DROPBOX\SY27\UTC-SY27-LINE-FOLLOWING-WIFIBOT\RTMAPS4WIFIBOT_SDK\SRC\SAMPLES.U\RELEASE\MAPS_MULTITHREAD.OBJ
C:\USERS\MAXIME\DROPBOX\SY27\UTC-SY27-LINE-FOLLOWING-WIFIBOT\RTMAPS4WIFIBOT_SDK\SRC\SAMPLES.U\RELEASE\MAPS_MULTITHREADANDSYNCHRONISATION.OBJ
C:\USERS\MAXIME\DROPBOX\SY27\UTC-SY27-LINE-FOLLOWING-WIFIBOT\RTMAPS4WIFIBOT_SDK\SRC\SAMPLES.U\RELEASE\MAPS_ROITHRESHOLD.OBJ
C:\USERS\MAXIME\DROPBOX\SY27\UTC-SY27-LINE-FOLLOWING-WIFIBOT\RTMAPS4WIFIBOT_SDK\SRC\SAMPLES.U\RELEASE\MAPS_RS232SENSOR.OBJ
C:\USERS\MAXIME\DROPBOX\SY27\UTC-SY27-LINE-FOLLOWING-WIFIBOT\RTMAPS4WIFIBOT_SDK\SRC\SAMPLES.U\RELEASE\MAPS_RS232SENSORWITHOUTPUT.OBJ
C:\USERS\MAXIME\DROPBOX\SY27\UTC-SY27-LINE-FOLLOWING-WIFIBOT\RTMAPS4WIFIBOT_SDK\SRC\SAMPLES.U\RELEASE\MAPS_SETPROPERTY_OVERLOAD.OBJ
C:\USERS\MAXIME\DROPBOX\SY27\UTC-SY27-LINE-FOLLOWING-WIFIBOT\RTMAPS4WIFIBOT_SDK\SRC\SAMPLES.U\RELEASE\MAPS_SIMPLE_IMAGEPROCESSING.OBJ
C:\USERS\MAXIME\DROPBOX\SY27\UTC-SY27-LINE-FOLLOWING-WIFIBOT\RTMAPS4WIFIBOT_SDK\SRC\SAMPLES.U\RELEASE\MAPS_STEREOVISIONIPUSAMPLE.OBJ
C:\USERS\MAXIME\DROPBOX\SY27\UTC-SY27-LINE-FOLLOWING-WIFIBOT\RTMAPS4WIFIBOT_SDK\SRC\SAMPLES.U\RELEASE\MAPS_STREAM8IOSAMPLE.OBJ
C:\USERS\MAXIME\DROPBOX\SY27\UTC-SY27-LINE-FOLLOWING-WIFIBOT\RTMAPS4WIFIBOT_SDK\SRC\SAMPLES.U\RELEASE\MAPS_SYNCHRONIZER.OBJ
C:\USERS\MAXIME\DROPBOX\SY27\UTC-SY27-LINE-FOLLOWING-WIFIBOT\RTMAPS4WIFIBOT_SDK\SRC\SAMPLES.U\RELEASE\MAPS_THRESHOLD.OBJ
C:\USERS\MAXIME\DROPBOX\SY27\UTC-SY27-LINE-FOLLOWING-WIFIBOT\RTMAPS4WIFIBOT_SDK\SRC\SAMPLES.U\RELEASE\MAPS_USERSTRUCTUREINPUT.OBJ
C:\USERS\MAXIME\DROPBOX\SY27\UTC-SY27-LINE-FOLLOWING-WIFIBOT\RTMAPS4WIFIBOT_SDK\SRC\SAMPLES.U\RELEASE\MAPS_USERSTRUCTUREOUTPUT.OBJ
C:\USERS\MAXIME\DROPBOX\SY27\UTC-SY27-LINE-FOLLOWING-WIFIBOT\RTMAPS4WIFIBOT_SDK\SRC\SAMPLES.U\RELEASE\MAPS_VECTORIZER_SAMPLE_0_ERROR_TO_BANISH.OBJ
C:\USERS\MAXIME\DROPBOX\SY27\UTC-SY27-LINE-FOLLOWING-WIFIBOT\RTMAPS4WIFIBOT_SDK\SRC\SAMPLES.U\RELEASE\MAPS_VECTORIZER_SAMPLE_1_TRIGGERED.OBJ
C:\USERS\MAXIME\DROPBOX\SY27\UTC-SY27-LINE-FOLLOWING-WIFIBOT\RTMAPS4WIFIBOT_SDK\SRC\SAMPLES.U\RELEASE\MAPS_VECTORIZER_SAMPLE_2_REACTIVE.OBJ
C:\USERS\MAXIME\DROPBOX\SY27\UTC-SY27-LINE-FOLLOWING-WIFIBOT\RTMAPS4WIFIBOT_SDK\SRC\SAMPLES.U\RELEASE\MAPS_VECTORIZER_SAMPLE_3_RESAMPLING.OBJ
C:\USERS\MAXIME\DROPBOX\SY27\UTC-SY27-LINE-FOLLOWING-WIFIBOT\RTMAPS4WIFIBOT_SDK\SRC\SAMPLES.U\RELEASE\MAPS_VECTORIZER_SAMPLE_4_RESYNCHRONIZER.OBJ
C:\USERS\MAXIME\DROPBOX\SY27\UTC-SY27-LINE-FOLLOWING-WIFIBOT\RTMAPS4WIFIBOT_SDK\SRC\SAMPLES.U\RELEASE\MAPS_VECTORIZER_SAMPLE_5_GENERIC.OBJ
C:\Users\Maxime\Dropbox\SY27\utc-sy27-line-following-wifibot\rtmaps4wifibot_sdk\src\samples.u\Release\mt.command.1.tlog
C:\Users\Maxime\Dropbox\SY27\utc-sy27-line-following-wifibot\rtmaps4wifibot_sdk\src\samples.u\Release\mt.read.1.tlog
C:\Users\Maxime\Dropbox\SY27\utc-sy27-line-following-wifibot\rtmaps4wifibot_sdk\src\samples.u\Release\mt.write.1.tlog
C:\Users\Maxime\Dropbox\SY27\utc-sy27-line-following-wifibot\rtmaps4wifibot_sdk\src\samples.u\Release\rtmaps_samples.dll.intermediate.manifest
C:\USERS\MAXIME\DROPBOX\SY27\UTC-SY27-LINE-FOLLOWING-WIFIBOT\RTMAPS4WIFIBOT_SDK\SRC\SAMPLES.U\RELEASE\RTMAPS_SAMPLES.PCK.INTERMEDIATE.MANIFEST
C:\Users\Maxime\Dropbox\SY27\utc-sy27-line-following-wifibot\rtmaps4wifibot_sdk\src\samples.u\Release\rtmaps_samples.write.1.tlog
C:\USERS\MAXIME\DROPBOX\SY27\UTC-SY27-LINE-FOLLOWING-WIFIBOT\RTMAPS4WIFIBOT_SDK\SRC\SAMPLES.U\RELEASE\VC100.PDB
