C:\Users\Maxime\Dropbox\SY27\utc-sy27-line-following-wifibot\rtmaps4wifibot_sdk\Release\rtmaps_wifibot.exp
C:\Users\Maxime\Dropbox\SY27\utc-sy27-line-following-wifibot\rtmaps4wifibot_sdk\Release\rtmaps_wifibot.lib
C:\USERS\MAXIME\DROPBOX\SY27\UTC-SY27-LINE-FOLLOWING-WIFIBOT\RTMAPS4WIFIBOT_SDK\RELEASE\RTMAPS_WIFIBOT.PCK
C:\Users\Maxime\Dropbox\SY27\utc-sy27-line-following-wifibot\rtmaps4wifibot_sdk\src\wifibot.u\Release\cl.command.1.tlog
C:\Users\Maxime\Dropbox\SY27\utc-sy27-line-following-wifibot\rtmaps4wifibot_sdk\src\wifibot.u\Release\CL.read.1.tlog
C:\Users\Maxime\Dropbox\SY27\utc-sy27-line-following-wifibot\rtmaps4wifibot_sdk\src\wifibot.u\Release\CL.write.1.tlog
C:\Users\Maxime\Dropbox\SY27\utc-sy27-line-following-wifibot\rtmaps4wifibot_sdk\src\wifibot.u\Release\link.command.1.tlog
C:\Users\Maxime\Dropbox\SY27\utc-sy27-line-following-wifibot\rtmaps4wifibot_sdk\src\wifibot.u\Release\link.read.1.tlog
C:\Users\Maxime\Dropbox\SY27\utc-sy27-line-following-wifibot\rtmaps4wifibot_sdk\src\wifibot.u\Release\link.write.1.tlog
C:\USERS\MAXIME\DROPBOX\SY27\UTC-SY27-LINE-FOLLOWING-WIFIBOT\RTMAPS4WIFIBOT_SDK\SRC\WIFIBOT.U\RELEASE\MAPS_KEYBOARD_4_WIFIBOT.OBJ
C:\USERS\MAXIME\DROPBOX\SY27\UTC-SY27-LINE-FOLLOWING-WIFIBOT\RTMAPS4WIFIBOT_SDK\SRC\WIFIBOT.U\RELEASE\MAPS_PACKAGE_DEFINITION.OBJ
C:\USERS\MAXIME\DROPBOX\SY27\UTC-SY27-LINE-FOLLOWING-WIFIBOT\RTMAPS4WIFIBOT_SDK\SRC\WIFIBOT.U\RELEASE\MAPS_WIFIBOT_SERIAL.OBJ
C:\USERS\MAXIME\DROPBOX\SY27\UTC-SY27-LINE-FOLLOWING-WIFIBOT\RTMAPS4WIFIBOT_SDK\SRC\WIFIBOT.U\RELEASE\MAPS_WIFIBOT_TCP_CLIENT.OBJ
C:\USERS\MAXIME\DROPBOX\SY27\UTC-SY27-LINE-FOLLOWING-WIFIBOT\RTMAPS4WIFIBOT_SDK\SRC\WIFIBOT.U\RELEASE\MAPS_WIFIBOT_TCP_SERVER.OBJ
C:\Users\Maxime\Dropbox\SY27\utc-sy27-line-following-wifibot\rtmaps4wifibot_sdk\src\wifibot.u\Release\mt.command.1.tlog
C:\Users\Maxime\Dropbox\SY27\utc-sy27-line-following-wifibot\rtmaps4wifibot_sdk\src\wifibot.u\Release\mt.read.1.tlog
C:\Users\Maxime\Dropbox\SY27\utc-sy27-line-following-wifibot\rtmaps4wifibot_sdk\src\wifibot.u\Release\mt.write.1.tlog
C:\USERS\MAXIME\DROPBOX\SY27\UTC-SY27-LINE-FOLLOWING-WIFIBOT\RTMAPS4WIFIBOT_SDK\SRC\WIFIBOT.U\RELEASE\RTMAPS_WIFIBOT.PCK.INTERMEDIATE.MANIFEST
C:\Users\Maxime\Dropbox\SY27\utc-sy27-line-following-wifibot\rtmaps4wifibot_sdk\src\wifibot.u\Release\rtmaps_wifibot.write.1.tlog
C:\USERS\MAXIME\DROPBOX\SY27\UTC-SY27-LINE-FOLLOWING-WIFIBOT\RTMAPS4WIFIBOT_SDK\SRC\WIFIBOT.U\RELEASE\VC100.PDB
